*************************************************************
*** Log data of trained GCN model for accuracy comparison ***
*************************************************************
>> Labels shape: 15
tensor([4, 2, 0, 0, 5, 5, 6, 4, 4, 6, 4, 1, 5, 3, 4])
>> Features shape: 15x15
tensor([[0., 0., 0., 0., 0., 0., 0., 0., 0., 0., 0., 0., 0., 0., 0.],
        [0., 0., 0., 0., 0., 0., 0., 0., 0., 0., 0., 0., 1., 0., 0.],
        [0., 0., 0., 0., 0., 0., 0., 0., 0., 0., 0., 0., 0., 0., 0.],
        [0., 0., 0., 0., 0., 0., 0., 0., 0., 0., 0., 0., 0., 0., 0.],
        [0., 0., 0., 0., 0., 0., 0., 0., 0., 0., 0., 0., 0., 0., 0.],
        [0., 0., 0., 0., 0., 0., 0., 0., 0., 0., 0., 0., 0., 0., 0.],
        [0., 0., 0., 0., 0., 0., 0., 0., 0., 0., 0., 0., 0., 0., 0.],
        [0., 0., 0., 1., 0., 0., 0., 0., 0., 0., 0., 0., 0., 0., 0.],
        [0., 0., 0., 0., 0., 0., 0., 0., 0., 0., 0., 0., 0., 0., 0.],
        [0., 0., 0., 0., 0., 0., 0., 0., 0., 0., 0., 0., 1., 0., 0.],
        [0., 0., 0., 0., 0., 0., 0., 0., 0., 0., 0., 0., 0., 0., 0.],
        [0., 0., 0., 0., 0., 0., 0., 0., 0., 0., 0., 0., 0., 0., 0.],
        [0., 0., 1., 0., 0., 0., 0., 0., 0., 0., 0., 0., 0., 0., 0.],
        [0., 0., 0., 0., 0., 0., 0., 0., 0., 0., 0., 0., 0., 0., 0.],
        [0., 0., 0., 0., 0., 0., 0., 0., 0., 0., 0., 0., 0., 0., 0.]]) 
>> Adjacency matrix shape: 15x15
tensor(indices=tensor([[ 0,  8, 14,  1,  2,  3,  4,  5,  6,  7,  0,  8, 14,  9,
                        10, 11, 12, 13,  0,  8, 14],
                       [ 0,  0,  0,  1,  2,  3,  4,  5,  6,  7,  8,  8,  8,  9,
                        10, 11, 12, 13, 14, 14, 14]]),
       values=tensor([0.3333, 0.3333, 0.3333, 1.0000, 1.0000, 1.0000, 1.0000,
                      1.0000, 1.0000, 1.0000, 0.3333, 0.3333, 0.3333, 1.0000,
                      1.0000, 1.0000, 1.0000, 1.0000, 0.3333, 0.3333, 0.3333]),
       size=(15, 15), nnz=21, layout=torch.sparse_coo) 
>> Output shape: 15x7
tensor([[ -1.3560,  -6.2865,  -4.7381,  -5.7837,  -1.1819,  -1.3389,  -1.8340],
        [ -3.7675,  -6.4982,  -0.7801,  -5.9551,  -3.7173,  -3.9074,  -0.7549],
        [ -1.3560,  -6.2865,  -4.7381,  -5.7837,  -1.1819,  -1.3389,  -1.8340],
        [ -1.3560,  -6.2865,  -4.7381,  -5.7837,  -1.1819,  -1.3389,  -1.8340],
        [ -1.3560,  -6.2865,  -4.7381,  -5.7837,  -1.1819,  -1.3389,  -1.8340],
        [ -1.3560,  -6.2865,  -4.7381,  -5.7837,  -1.1819,  -1.3389,  -1.8340],
        [ -1.3560,  -6.2865,  -4.7381,  -5.7837,  -1.1819,  -1.3389,  -1.8340],
        [ -3.7848, -13.6170, -12.5669, -12.6469,  -0.0576,  -3.5419,  -5.4460],
        [ -1.3560,  -6.2865,  -4.7381,  -5.7837,  -1.1819,  -1.3389,  -1.8340],
        [ -3.7675,  -6.4982,  -0.7801,  -5.9551,  -3.7173,  -3.9074,  -0.7549],
        [ -1.3560,  -6.2865,  -4.7381,  -5.7837,  -1.1819,  -1.3389,  -1.8340],
        [ -1.3560,  -6.2865,  -4.7381,  -5.7837,  -1.1819,  -1.3389,  -1.8340],
        [ -1.3560,  -6.2865,  -4.7381,  -5.7837,  -1.1819,  -1.3389,  -1.8340],
        [ -1.3560,  -6.2865,  -4.7381,  -5.7837,  -1.1819,  -1.3389,  -1.8340],
        [ -1.3560,  -6.2865,  -4.7381,  -5.7837,  -1.1819,  -1.3389,  -1.8340]],
       grad_fn=<LogSoftmaxBackward0>) 
Test set results:
Loss= 2.7682
Accuracy= 0.3333
