*************************************************************
*** Log data of trained GCN model for accuracy comparison ***
*************************************************************
>> Labels shape: 150
tensor([3, 5, 2, 2, 4, 4, 1, 3, 3, 1, 3, 0, 4, 6, 3, 3, 2, 3, 3, 3, 1, 2, 0, 4,
        2, 1, 3, 4, 3, 5, 6, 3, 6, 3, 2, 2, 3, 2, 0, 2, 1, 4, 0, 3, 6, 2, 3, 6,
        4, 6, 6, 4, 1, 0, 1, 0, 1, 2, 3, 3, 2, 6, 4, 2, 6, 0, 6, 4, 3, 6, 1, 4,
        3, 2, 4, 6, 4, 3, 1, 1, 3, 4, 2, 3, 4, 2, 5, 5, 1, 1, 3, 3, 2, 4, 4, 4,
        6, 3, 1, 4, 0, 3, 3, 2, 3, 4, 5, 4, 4, 1, 3, 3, 3, 3, 1, 4, 6, 4, 2, 5,
        0, 3, 3, 3, 3, 3, 4, 3, 2, 0, 1, 4, 2, 3, 3, 5, 5, 4, 4, 0, 1, 0, 3, 3,
        3, 0, 3, 6, 2, 6])
>> Features shape: 150x150
tensor([[0., 0., 0.,  ..., 0., 0., 0.],
        [0., 0., 0.,  ..., 0., 0., 0.],
        [0., 0., 0.,  ..., 0., 0., 0.],
        ...,
        [0., 0., 0.,  ..., 0., 0., 0.],
        [0., 0., 0.,  ..., 0., 0., 0.],
        [0., 0., 0.,  ..., 0., 0., 0.]]) 
>> Adjacency matrix shape: 150x150
tensor(indices=tensor([[  0,   0,   0,   1,   2,   3,   4,   5,   6,   7,   8,
                          8,   8,   9,  10,  11,  12,  12,  13,  14,  14,  14,
                         14,  15,  15,  15,  16,  17,  17,  18,  18,  19,  19,
                         20,  20,  21,  22,  22,  23,  23,  24,  24,  25,  25,
                         26,  27,  27,  28,  29,  30,  31,  31,  32,  33,  34,
                         34,  34,  35,  35,  36,  37,  38,  39,  39,  39,  40,
                         41,  41,  41,  41,  42,  43,  44,  44,  45,  46,  47,
                         47,  48,  49,  50,  51,  52,  53,  54,  55,  56,  57,
                         58,  59,  60,  61,  62,  63,  64,  65,  66,  66,  66,
                         66,  67,  68,  69,  69,  70,  71,  71,  72,  73,  74,
                         74,  74,  75,  76,  76,  77,  78,  79,  80,  80,  81,
                         82,  82,  83,  84,  84,  84,  85,  86,  87,  87,  88,
                         88,  88,  89,  90,  91,  92,  92,  93,  94,  94,  94,
                         95,  96,  97,  98,  99, 100, 101, 102, 103, 103, 104,
                        105, 106, 107, 107, 108, 108, 109, 110, 111, 112, 113,
                        114, 115, 115, 115, 116, 116, 117, 118, 119, 120, 121,
                        122, 122, 122, 123, 124, 124, 124, 125, 126, 126, 127,
                        127, 127, 127, 128, 128, 129, 129, 129, 130, 131, 131,
                        132, 133, 134, 135, 136, 136, 137, 137, 138, 138, 138,
                        139, 140, 141, 142, 143, 144, 145, 146, 146, 147, 148,
                        149, 149],
                       [  0,   8,  14,   1,   2,   3,   4,   5,   6,   7,   0,
                          8,  14,   9,  10,  11,  12,  84,  13,   0,   8,  14,
                         31,  15,  80, 129,  16,  17, 146,  18, 127,  19,  74,
                         20,  25,  21,  22, 129,  23,  41,  24,  39,  20,  25,
                         26,  27,  84,  28,  29,  30,  14,  31,  32,  33,  34,
                         35,  66,  34,  35,  36,  37,  38,  24,  39,  82,  40,
                         23,  41,  94, 115,  42,  43,  44,  88,  45,  46,  47,
                         87,  48,  49,  50,  51,  52,  53,  54,  55,  56,  57,
                         58,  59,  60,  61,  62,  63,  64,  65,  34,  66,  69,
                        149,  67,  68,  66,  69,  70,  71,  74,  72,  73,  19,
                         71,  74,  75,  76, 131,  77,  78,  79,  15,  80,  81,
                         39,  82,  83,  12,  27,  84,  85,  86,  47,  87,  44,
                         88, 116,  89,  90,  91,  92, 136,  93,  41,  94, 126,
                         95,  96,  97,  98,  99, 100, 101, 102, 103, 128, 104,
                        105, 106, 107, 108, 107, 108, 109, 110, 111, 112, 113,
                        114,  41, 115, 138,  88, 116, 117, 118, 119, 120, 121,
                        122, 124, 127, 123, 122, 124, 127, 125,  94, 126,  18,
                        122, 124, 127, 103, 128,  15,  22, 129, 130,  76, 131,
                        132, 133, 134, 135,  92, 136, 137, 138, 115, 137, 138,
                        139, 140, 141, 142, 143, 144, 145,  17, 146, 147, 148,
                         66, 149]]),
       values=tensor([0.3333, 0.3333, 0.3333, 1.0000, 1.0000, 1.0000, 1.0000,
                      1.0000, 1.0000, 1.0000, 0.3333, 0.3333, 0.3333, 1.0000,
                      1.0000, 1.0000, 0.5000, 0.5000, 1.0000, 0.2500, 0.2500,
                      0.2500, 0.2500, 0.3333, 0.3333, 0.3333, 1.0000, 0.5000,
                      0.5000, 0.5000, 0.5000, 0.5000, 0.5000, 0.5000, 0.5000,
                      1.0000, 0.5000, 0.5000, 0.5000, 0.5000, 0.5000, 0.5000,
                      0.5000, 0.5000, 1.0000, 0.5000, 0.5000, 1.0000, 1.0000,
                      1.0000, 0.5000, 0.5000, 1.0000, 1.0000, 0.3333, 0.3333,
                      0.3333, 0.5000, 0.5000, 1.0000, 1.0000, 1.0000, 0.3333,
                      0.3333, 0.3333, 1.0000, 0.2500, 0.2500, 0.2500, 0.2500,
                      1.0000, 1.0000, 0.5000, 0.5000, 1.0000, 1.0000, 0.5000,
                      0.5000, 1.0000, 1.0000, 1.0000, 1.0000, 1.0000, 1.0000,
                      1.0000, 1.0000, 1.0000, 1.0000, 1.0000, 1.0000, 1.0000,
                      1.0000, 1.0000, 1.0000, 1.0000, 1.0000, 0.2500, 0.2500,
                      0.2500, 0.2500, 1.0000, 1.0000, 0.5000, 0.5000, 1.0000,
                      0.5000, 0.5000, 1.0000, 1.0000, 0.3333, 0.3333, 0.3333,
                      1.0000, 0.5000, 0.5000, 1.0000, 1.0000, 1.0000, 0.5000,
                      0.5000, 1.0000, 0.5000, 0.5000, 1.0000, 0.3333, 0.3333,
                      0.3333, 1.0000, 1.0000, 0.5000, 0.5000, 0.3333, 0.3333,
                      0.3333, 1.0000, 1.0000, 1.0000, 0.5000, 0.5000, 1.0000,
                      0.3333, 0.3333, 0.3333, 1.0000, 1.0000, 1.0000, 1.0000,
                      1.0000, 1.0000, 1.0000, 1.0000, 0.5000, 0.5000, 1.0000,
                      1.0000, 1.0000, 0.5000, 0.5000, 0.5000, 0.5000, 1.0000,
                      1.0000, 1.0000, 1.0000, 1.0000, 1.0000, 0.3333, 0.3333,
                      0.3333, 0.5000, 0.5000, 1.0000, 1.0000, 1.0000, 1.0000,
                      1.0000, 0.3333, 0.3333, 0.3333, 1.0000, 0.3333, 0.3333,
                      0.3333, 1.0000, 0.5000, 0.5000, 0.2500, 0.2500, 0.2500,
                      0.2500, 0.5000, 0.5000, 0.3333, 0.3333, 0.3333, 1.0000,
                      0.5000, 0.5000, 1.0000, 1.0000, 1.0000, 1.0000, 0.5000,
                      0.5000, 0.5000, 0.5000, 0.3333, 0.3333, 0.3333, 1.0000,
                      1.0000, 1.0000, 1.0000, 1.0000, 1.0000, 1.0000, 0.5000,
                      0.5000, 1.0000, 1.0000, 0.5000, 0.5000]),
       size=(150, 150), nnz=222, layout=torch.sparse_coo) 
>> Output shape: 150x7
tensor([[-5.4921e+00, -4.8220e+00, -4.5477e+00,  ..., -4.0121e+00,
         -7.6822e+00, -7.4252e+00],
        [-5.6952e+00, -2.1325e+00, -3.5935e+00,  ..., -4.8579e+00,
         -2.9445e-01, -2.5899e+00],
        [-6.3619e+00, -6.8259e+00, -8.9734e-03,  ..., -7.0601e+00,
         -7.7579e+00, -8.6536e+00],
        ...,
        [-3.2712e+00, -2.5558e+00, -2.3173e+00,  ..., -2.7368e+00,
         -3.7253e+00, -3.7365e-01],
        [-9.9594e+00, -1.3177e+01, -4.1395e-03,  ..., -1.1489e+01,
         -1.3869e+01, -1.6944e+01],
        [-3.3210e+00, -3.0736e+00, -2.2479e+00,  ..., -2.8303e+00,
         -4.3990e+00, -3.0407e-01]], grad_fn=<LogSoftmaxBackward0>) 
Test set results:
Loss= 1.6519
Accuracy= 0.5333
