*************************************************************
*** Log data of trained GCN model for accuracy comparison ***
*************************************************************
>> Labels shape: 120
tensor([4, 0, 5, 5, 2, 2, 1, 4, 4, 1, 4, 3, 2, 6, 4, 4, 5, 4, 4, 4, 1, 5, 3, 2,
        5, 1, 4, 2, 4, 0, 6, 4, 6, 4, 5, 5, 4, 5, 3, 5, 1, 2, 3, 4, 6, 5, 4, 6,
        2, 6, 6, 2, 1, 3, 1, 3, 1, 5, 4, 4, 5, 6, 2, 5, 6, 3, 6, 2, 4, 6, 1, 2,
        4, 5, 2, 6, 2, 4, 1, 1, 4, 2, 5, 4, 2, 5, 0, 0, 1, 1, 4, 4, 5, 2, 2, 2,
        6, 4, 1, 2, 3, 4, 4, 5, 4, 2, 0, 2, 2, 1, 4, 4, 4, 4, 1, 2, 6, 2, 5, 0])
>> Features shape: 120x120
tensor([[0., 0., 0.,  ..., 0., 1., 0.],
        [0., 0., 0.,  ..., 0., 0., 0.],
        [0., 0., 0.,  ..., 0., 0., 0.],
        ...,
        [0., 0., 0.,  ..., 0., 0., 0.],
        [0., 0., 0.,  ..., 0., 0., 0.],
        [0., 0., 0.,  ..., 0., 0., 0.]]) 
>> Adjacency matrix shape: 120x120
tensor(indices=tensor([[  0,   0,   0,   1,   2,   3,   4,   5,   6,   7,   8,
                          8,   8,   9,  10,  11,  12,  12,  13,  14,  14,  14,
                         14,  15,  15,  16,  17,  18,  19,  19,  20,  20,  21,
                         22,  23,  23,  24,  24,  25,  25,  26,  27,  27,  28,
                         29,  30,  31,  31,  32,  33,  34,  34,  34,  35,  35,
                         36,  37,  38,  39,  39,  39,  40,  41,  41,  41,  41,
                         42,  43,  44,  44,  45,  46,  47,  47,  48,  49,  50,
                         51,  52,  53,  54,  55,  56,  57,  58,  59,  60,  61,
                         62,  63,  64,  65,  66,  66,  66,  67,  68,  69,  69,
                         70,  71,  71,  72,  73,  74,  74,  74,  75,  76,  77,
                         78,  79,  80,  80,  81,  82,  82,  83,  84,  84,  84,
                         85,  86,  87,  87,  88,  88,  88,  89,  90,  91,  92,
                         93,  94,  94,  95,  96,  97,  98,  99, 100, 101, 102,
                        103, 104, 105, 106, 107, 107, 108, 108, 109, 110, 111,
                        112, 113, 114, 115, 115, 116, 116, 117, 118, 119],
                       [  0,   8,  14,   1,   2,   3,   4,   5,   6,   7,   0,
                          8,  14,   9,  10,  11,  12,  84,  13,   0,   8,  14,
                         31,  15,  80,  16,  17,  18,  19,  74,  20,  25,  21,
                         22,  23,  41,  24,  39,  20,  25,  26,  27,  84,  28,
                         29,  30,  14,  31,  32,  33,  34,  35,  66,  34,  35,
                         36,  37,  38,  24,  39,  82,  40,  23,  41,  94, 115,
                         42,  43,  44,  88,  45,  46,  47,  87,  48,  49,  50,
                         51,  52,  53,  54,  55,  56,  57,  58,  59,  60,  61,
                         62,  63,  64,  65,  34,  66,  69,  67,  68,  66,  69,
                         70,  71,  74,  72,  73,  19,  71,  74,  75,  76,  77,
                         78,  79,  15,  80,  81,  39,  82,  83,  12,  27,  84,
                         85,  86,  47,  87,  44,  88, 116,  89,  90,  91,  92,
                         93,  41,  94,  95,  96,  97,  98,  99, 100, 101, 102,
                        103, 104, 105, 106, 107, 108, 107, 108, 109, 110, 111,
                        112, 113, 114,  41, 115,  88, 116, 117, 118, 119]]),
       values=tensor([0.3333, 0.3333, 0.3333, 1.0000, 1.0000, 1.0000, 1.0000,
                      1.0000, 1.0000, 1.0000, 0.3333, 0.3333, 0.3333, 1.0000,
                      1.0000, 1.0000, 0.5000, 0.5000, 1.0000, 0.2500, 0.2500,
                      0.2500, 0.2500, 0.5000, 0.5000, 1.0000, 1.0000, 1.0000,
                      0.5000, 0.5000, 0.5000, 0.5000, 1.0000, 1.0000, 0.5000,
                      0.5000, 0.5000, 0.5000, 0.5000, 0.5000, 1.0000, 0.5000,
                      0.5000, 1.0000, 1.0000, 1.0000, 0.5000, 0.5000, 1.0000,
                      1.0000, 0.3333, 0.3333, 0.3333, 0.5000, 0.5000, 1.0000,
                      1.0000, 1.0000, 0.3333, 0.3333, 0.3333, 1.0000, 0.2500,
                      0.2500, 0.2500, 0.2500, 1.0000, 1.0000, 0.5000, 0.5000,
                      1.0000, 1.0000, 0.5000, 0.5000, 1.0000, 1.0000, 1.0000,
                      1.0000, 1.0000, 1.0000, 1.0000, 1.0000, 1.0000, 1.0000,
                      1.0000, 1.0000, 1.0000, 1.0000, 1.0000, 1.0000, 1.0000,
                      1.0000, 0.3333, 0.3333, 0.3333, 1.0000, 1.0000, 0.5000,
                      0.5000, 1.0000, 0.5000, 0.5000, 1.0000, 1.0000, 0.3333,
                      0.3333, 0.3333, 1.0000, 1.0000, 1.0000, 1.0000, 1.0000,
                      0.5000, 0.5000, 1.0000, 0.5000, 0.5000, 1.0000, 0.3333,
                      0.3333, 0.3333, 1.0000, 1.0000, 0.5000, 0.5000, 0.3333,
                      0.3333, 0.3333, 1.0000, 1.0000, 1.0000, 1.0000, 1.0000,
                      0.5000, 0.5000, 1.0000, 1.0000, 1.0000, 1.0000, 1.0000,
                      1.0000, 1.0000, 1.0000, 1.0000, 1.0000, 1.0000, 1.0000,
                      0.5000, 0.5000, 0.5000, 0.5000, 1.0000, 1.0000, 1.0000,
                      1.0000, 1.0000, 1.0000, 0.5000, 0.5000, 0.5000, 0.5000,
                      1.0000, 1.0000, 1.0000]),
       size=(120, 120), nnz=164, layout=torch.sparse_coo) 
>> Output shape: 120x7
tensor([[-6.7769e+00, -5.7753e+00, -4.4739e+00, -5.7767e+00, -3.3205e-02,
         -4.6565e+00, -5.4226e+00],
        [-1.9253e-01, -4.6281e+00, -4.0180e+00, -5.6727e+00, -3.8011e+00,
         -3.6918e+00, -2.3366e+00],
        [-9.6295e+00, -6.0633e+00, -8.5360e+00, -4.7005e+00, -7.7543e+00,
         -1.3253e-02, -6.8522e+00],
        [-6.1191e+00, -3.9214e+00, -3.0666e+00, -3.9060e+00, -3.7096e+00,
         -1.2815e-01, -4.9506e+00],
        [-7.0855e+00, -6.0008e+00, -9.8156e-02, -5.2605e+00, -4.1909e+00,
         -3.0582e+00, -3.7775e+00],
        [-6.2069e+00, -5.3622e+00, -1.2917e-01, -5.9285e+00, -2.4451e+00,
         -3.9099e+00, -5.2893e+00],
        [-3.7628e+00, -1.2528e+00, -1.9481e+00, -1.4575e+00, -3.0218e+00,
         -2.0531e+00, -1.9756e+00],
        [-8.3480e+00, -2.4611e+00, -7.2174e+00, -4.6770e+00, -4.0463e-01,
         -1.4442e+00, -6.6984e+00],
        [-6.7769e+00, -5.7753e+00, -4.4739e+00, -5.7767e+00, -3.3205e-02,
         -4.6565e+00, -5.4226e+00],
        [-4.1217e+00, -2.7395e-01, -3.2518e+00, -2.8707e+00, -3.1136e+00,
         -2.8008e+00, -3.7790e+00],
        [-1.4913e+01, -1.4717e+01, -1.4238e+01, -1.3139e+01, -7.0927e-05,
         -9.6437e+00, -1.2789e+01],
        [-7.2423e+00, -2.4015e+00, -5.1818e+00, -4.2168e-01, -3.4685e+00,
         -1.8116e+00, -2.9452e+00],
        [-5.3698e+00, -4.0926e+00, -1.5711e-01, -4.0518e+00, -2.9827e+00,
         -3.2005e+00, -4.1831e+00],
        [-7.0100e+00, -6.6770e+00, -6.6435e+00, -5.0873e+00, -6.2271e+00,
         -2.7825e+00, -7.6343e-02],
        [-6.5701e+00, -5.4826e+00, -3.9602e+00, -5.5335e+00, -4.6086e-02,
         -4.4765e+00, -5.2792e+00],
        [-6.4234e+00, -4.7391e+00, -4.4131e+00, -5.1307e+00, -6.1135e-02,
         -3.7426e+00, -4.9320e+00],
        [-3.7628e+00, -1.2528e+00, -1.9481e+00, -1.4575e+00, -3.0218e+00,
         -2.0531e+00, -1.9756e+00],
        [-5.3385e+00, -1.5098e+00, -4.2567e+00, -1.7684e+00, -1.1457e+00,
         -1.3356e+00, -4.7737e+00],
        [-1.0407e+01, -8.9263e+00, -8.7383e+00, -8.4980e+00, -2.2056e-03,
         -6.4892e+00, -8.7653e+00],
        [-5.1187e+00, -4.4540e+00, -3.3719e-01, -4.8575e+00, -1.4593e+00,
         -4.0266e+00, -4.5470e+00],
        [-5.2077e+00, -3.4697e-01, -3.3047e+00, -2.9339e+00, -1.9555e+00,
         -3.0078e+00, -4.9767e+00],
        [-5.3385e+00, -1.5098e+00, -4.2567e+00, -1.7684e+00, -1.1457e+00,
         -1.3356e+00, -4.7737e+00],
        [-5.3385e+00, -1.5098e+00, -4.2567e+00, -1.7684e+00, -1.1457e+00,
         -1.3356e+00, -4.7737e+00],
        [-5.0748e+00, -4.1785e+00, -1.8346e-01, -3.8335e+00, -3.2066e+00,
         -2.7981e+00, -3.7726e+00],
        [-7.5594e+00, -4.2744e+00, -5.5954e+00, -3.4871e+00, -2.5576e+00,
         -1.7108e-01, -3.4735e+00],
        [-5.2077e+00, -3.4697e-01, -3.3047e+00, -2.9339e+00, -1.9555e+00,
         -3.0078e+00, -4.9767e+00],
        [-6.5738e+00, -3.0551e+00, -5.5083e+00, -3.5011e+00, -2.7216e-01,
         -1.8806e+00, -5.7993e+00],
        [-6.5012e+00, -5.0815e+00, -7.1844e-02, -4.8880e+00, -3.8224e+00,
         -3.5505e+00, -5.6585e+00],
        [-3.7762e+00, -2.6299e+00, -2.7038e+00, -2.6676e+00, -4.0440e-01,
         -2.9748e+00, -2.9918e+00],
        [-1.8911e-01, -5.0693e+00, -4.3024e+00, -5.8394e+00, -4.0528e+00,
         -3.6638e+00, -2.2390e+00],
        [-1.0969e+01, -1.2288e+01, -1.2206e+01, -9.8751e+00, -1.0366e+01,
         -3.6965e+00, -2.5235e-02],
        [-6.4813e+00, -5.2137e+00, -3.6073e+00, -5.2854e+00, -5.9102e-02,
         -4.3238e+00, -5.3032e+00],
        [-7.1332e+00, -6.4740e+00, -7.0997e+00, -5.0104e+00, -6.7162e+00,
         -2.7635e+00, -7.7009e-02],
        [-6.5972e+00, -4.8003e+00, -4.1655e+00, -4.9026e+00, -6.5541e-02,
         -3.8208e+00, -4.7119e+00],
        [-6.0888e+00, -3.4947e+00, -3.4104e+00, -1.7321e+00, -4.1112e+00,
         -9.0415e-01, -1.0902e+00],
        [-5.8419e+00, -2.6710e+00, -2.7655e+00, -1.1307e+00, -3.7372e+00,
         -9.9839e-01, -1.8979e+00],
        [-7.2351e+00, -5.2332e+00, -5.7027e+00, -5.3243e+00, -3.5150e-02,
         -4.0344e+00, -5.9609e+00],
        [-5.3385e+00, -1.5098e+00, -4.2567e+00, -1.7684e+00, -1.1457e+00,
         -1.3356e+00, -4.7737e+00],
        [-3.7628e+00, -1.2528e+00, -1.9481e+00, -1.4575e+00, -3.0218e+00,
         -2.0531e+00, -1.9756e+00],
        [-5.9085e+00, -2.8818e+00, -3.9942e+00, -2.4252e+00, -2.3269e+00,
         -4.1301e-01, -2.5888e+00],
        [-4.0312e+00, -7.0252e-01, -3.9100e+00, -2.0004e+00, -2.7450e+00,
         -1.5897e+00, -2.7590e+00],
        [-5.5977e+00, -4.9662e+00, -1.2195e-01, -4.5088e+00, -3.4116e+00,
         -3.0550e+00, -4.3421e+00],
        [-3.7628e+00, -1.2528e+00, -1.9481e+00, -1.4575e+00, -3.0218e+00,
         -2.0531e+00, -1.9756e+00],
        [-5.8028e+00, -5.4539e+00, -4.3497e+00, -5.0664e+00, -4.0796e-02,
         -4.7785e+00, -5.2879e+00],
        [-3.2730e+00, -2.3577e+00, -2.5317e+00, -2.1205e+00, -2.1898e+00,
         -2.5433e+00, -7.3933e-01],
        [-7.9748e+00, -4.0198e+00, -6.8827e+00, -4.2599e+00, -3.1891e+00,
         -8.0786e-02, -5.8252e+00],
        [-6.9695e+00, -4.5932e+00, -5.7453e+00, -4.8498e+00, -7.0727e-02,
         -3.1413e+00, -5.8200e+00],
        [-3.7628e+00, -1.2528e+00, -1.9481e+00, -1.4575e+00, -3.0218e+00,
         -2.0531e+00, -1.9756e+00],
        [-3.7628e+00, -1.2528e+00, -1.9481e+00, -1.4575e+00, -3.0218e+00,
         -2.0531e+00, -1.9756e+00],
        [-3.7628e+00, -1.2528e+00, -1.9481e+00, -1.4575e+00, -3.0218e+00,
         -2.0531e+00, -1.9756e+00],
        [-6.6459e+00, -6.4253e+00, -5.3518e+00, -5.0300e+00, -5.0933e+00,
         -2.6936e+00, -9.2083e-02],
        [-3.7628e+00, -1.2528e+00, -1.9481e+00, -1.4575e+00, -3.0218e+00,
         -2.0531e+00, -1.9756e+00],
        [-3.7628e+00, -1.2528e+00, -1.9481e+00, -1.4575e+00, -3.0218e+00,
         -2.0531e+00, -1.9756e+00],
        [-3.7628e+00, -1.2528e+00, -1.9481e+00, -1.4575e+00, -3.0218e+00,
         -2.0531e+00, -1.9756e+00],
        [-3.7628e+00, -1.2528e+00, -1.9481e+00, -1.4575e+00, -3.0218e+00,
         -2.0531e+00, -1.9756e+00],
        [-3.7628e+00, -1.2528e+00, -1.9481e+00, -1.4575e+00, -3.0218e+00,
         -2.0531e+00, -1.9756e+00],
        [-3.7628e+00, -1.2528e+00, -1.9481e+00, -1.4575e+00, -3.0218e+00,
         -2.0531e+00, -1.9756e+00],
        [-1.3253e+01, -8.6427e+00, -1.1860e+01, -6.6831e+00, -1.0688e+01,
         -1.5626e-03, -9.1964e+00],
        [-7.1724e+00, -4.8474e+00, -5.8780e+00, -4.6167e+00, -7.9513e-02,
         -2.9450e+00, -5.9786e+00],
        [-7.2859e+00, -5.1769e+00, -5.7375e+00, -5.2780e+00, -3.7968e-02,
         -3.9133e+00, -5.9426e+00],
        [-7.0575e+00, -3.7045e+00, -6.3156e+00, -3.3816e+00, -3.1749e+00,
         -1.1206e-01, -5.8305e+00],
        [-5.6798e+00, -5.1918e+00, -5.6884e+00, -4.3506e+00, -5.0447e+00,
         -2.4463e+00, -1.2592e-01],
        [-4.9683e+00, -3.0499e+00, -2.8794e-01, -3.3004e+00, -2.3572e+00,
         -3.1328e+00, -3.8761e+00],
        [-1.0171e+01, -6.1878e+00, -7.9408e+00, -4.5347e+00, -8.3820e+00,
         -1.4199e-02, -7.2759e+00],
        [-8.3366e+00, -7.4588e+00, -8.1761e+00, -5.2594e+00, -7.6309e+00,
         -2.7425e+00, -7.3854e-02],
        [-9.5357e+00, -3.7899e+00, -5.2684e+00, -4.3878e-01, -5.2668e+00,
         -1.1612e+00, -4.7001e+00],
        [-6.9252e+00, -5.7489e+00, -4.9257e+00, -3.9071e+00, -5.2897e+00,
         -1.6386e+00, -2.6244e-01],
        [-8.2059e+00, -6.0500e+00, -3.6306e-02, -5.7300e+00, -4.1865e+00,
         -4.3957e+00, -6.0979e+00],
        [-6.1284e+00, -5.4987e+00, -5.0070e+00, -5.5134e+00, -3.4697e-02,
         -4.3350e+00, -5.5203e+00],
        [-7.8334e+00, -7.1671e+00, -6.3820e+00, -5.1599e+00, -6.2266e+00,
         -2.2239e+00, -1.2644e-01],
        [-4.7883e+00, -1.8775e-01, -4.0643e+00, -3.2295e+00, -3.2875e+00,
         -2.8448e+00, -4.5464e+00],
        [-6.1191e+00, -5.8198e+00, -2.3206e-01, -6.1707e+00, -1.6747e+00,
         -4.7704e+00, -5.5214e+00],
        [-1.0407e+01, -8.9263e+00, -8.7383e+00, -8.4980e+00, -2.2056e-03,
         -6.4892e+00, -8.7653e+00],
        [-9.2366e+00, -4.5886e+00, -7.3727e+00, -4.0132e+00, -2.4638e+00,
         -1.2357e-01, -6.1373e+00],
        [-5.6862e+00, -5.2530e+00, -2.7824e-01, -5.6259e+00, -1.5458e+00,
         -4.4672e+00, -5.1095e+00],
        [-8.1501e+00, -7.9174e+00, -8.2156e+00, -6.0889e+00, -7.5234e+00,
         -3.0087e+00, -5.4550e-02],
        [-6.5912e+00, -4.6865e+00, -1.2549e-01, -5.2153e+00, -2.4842e+00,
         -4.4554e+00, -4.9758e+00],
        [-7.3944e+00, -5.5150e+00, -5.9101e+00, -5.5553e+00, -3.1247e-02,
         -4.1039e+00, -5.7970e+00],
        [-5.3385e+00, -1.5098e+00, -4.2567e+00, -1.7684e+00, -1.1457e+00,
         -1.3356e+00, -4.7737e+00],
        [-4.9149e+00, -1.6095e-01, -4.4007e+00, -3.4298e+00, -3.4330e+00,
         -2.8773e+00, -4.8170e+00],
        [-6.4234e+00, -4.7391e+00, -4.4131e+00, -5.1307e+00, -6.1135e-02,
         -3.7426e+00, -4.9320e+00],
        [-7.9664e+00, -6.9815e+00, -6.7517e+00, -5.0586e+00, -6.4310e+00,
         -2.9558e+00, -6.4480e-02],
        [-4.8256e+00, -2.0048e+00, -2.9506e+00, -1.8129e+00, -2.3819e+00,
         -8.4530e-01, -2.1203e+00],
        [-5.3385e+00, -1.5098e+00, -4.2567e+00, -1.7684e+00, -1.1457e+00,
         -1.3356e+00, -4.7737e+00],
        [-5.7653e+00, -4.3867e+00, -1.1914e-01, -4.2756e+00, -3.3262e+00,
         -3.2737e+00, -4.7063e+00],
        [-6.7993e+00, -3.8193e+00, -5.2936e+00, -3.8281e+00, -1.0332e-01,
         -3.0552e+00, -6.7140e+00],
        [-9.1679e+00, -6.9451e+00, -7.0152e+00, -6.5117e+00, -8.5858e-03,
         -5.2952e+00, -9.4157e+00],
        [-3.7628e+00, -1.2528e+00, -1.9481e+00, -1.4575e+00, -3.0218e+00,
         -2.0531e+00, -1.9756e+00],
        [-3.2583e+00, -2.3029e+00, -2.5018e+00, -2.0982e+00, -2.2258e+00,
         -2.5353e+00, -7.5557e-01],
        [-3.7628e+00, -1.2528e+00, -1.9481e+00, -1.4575e+00, -3.0218e+00,
         -2.0531e+00, -1.9756e+00],
        [-5.3385e+00, -1.5098e+00, -4.2567e+00, -1.7684e+00, -1.1457e+00,
         -1.3356e+00, -4.7737e+00],
        [-5.4968e+00, -4.4154e+00, -5.6385e+00, -3.4807e+00, -5.4377e+00,
         -2.2080e+00, -1.8009e-01],
        [-5.6738e+00, -3.3086e+00, -3.6078e+00, -2.3922e+00, -1.0438e+00,
         -8.5667e-01, -2.7372e+00],
        [-3.7628e+00, -1.2528e+00, -1.9481e+00, -1.4575e+00, -3.0218e+00,
         -2.0531e+00, -1.9756e+00],
        [-5.0748e+00, -4.1785e+00, -1.8346e-01, -3.8335e+00, -3.2066e+00,
         -2.7981e+00, -3.7726e+00],
        [-1.0407e+01, -8.9263e+00, -8.7383e+00, -8.4980e+00, -2.2056e-03,
         -6.4892e+00, -8.7653e+00],
        [-3.1001e+00, -4.5369e+00, -2.3040e+00, -4.4265e+00, -9.3281e-01,
         -1.8542e+00, -1.2644e+00],
        [-4.9134e+00, -3.5161e+00, -3.1972e+00, -2.4487e+00, -3.3162e+00,
         -2.5452e+00, -3.2724e-01],
        [-4.3488e+00, -2.9305e+00, -2.0828e+00, -2.5354e+00, -2.4505e+00,
         -1.1018e+00, -1.1668e+00],
        [-4.9657e+00, -3.0129e+00, -3.0463e+00, -2.8404e+00, -4.4588e-01,
         -2.0223e+00, -2.7283e+00],
        [-4.8554e+00, -1.8737e+00, -4.0755e+00, -2.5344e+00, -2.5082e+00,
         -4.4923e-01, -3.7795e+00],
        [-3.7628e+00, -1.2528e+00, -1.9481e+00, -1.4575e+00, -3.0218e+00,
         -2.0531e+00, -1.9756e+00],
        [-3.7628e+00, -1.2528e+00, -1.9481e+00, -1.4575e+00, -3.0218e+00,
         -2.0531e+00, -1.9756e+00],
        [-4.7207e+00, -1.8452e-01, -4.0299e+00, -3.2753e+00, -3.2817e+00,
         -2.8801e+00, -4.5746e+00],
        [-4.6813e+00, -2.3571e+00, -3.1905e+00, -2.6910e+00, -3.8052e-01,
         -2.5295e+00, -3.7351e+00],
        [-3.7628e+00, -1.2528e+00, -1.9481e+00, -1.4575e+00, -3.0218e+00,
         -2.0531e+00, -1.9756e+00],
        [-3.7628e+00, -1.2528e+00, -1.9481e+00, -1.4575e+00, -3.0218e+00,
         -2.0531e+00, -1.9756e+00],
        [-4.7652e+00, -2.2261e+00, -2.2324e+00, -2.5938e+00, -6.1366e-01,
         -1.9119e+00, -4.3934e+00],
        [-4.7652e+00, -2.2261e+00, -2.2324e+00, -2.5938e+00, -6.1366e-01,
         -1.9119e+00, -4.3934e+00],
        [-4.0205e+00, -2.3506e+00, -2.2155e+00, -2.0897e+00, -3.2556e+00,
         -1.9891e+00, -7.3702e-01],
        [-5.8143e+00, -3.8786e+00, -4.1462e+00, -3.8135e+00, -1.2564e-01,
         -3.1963e+00, -4.1608e+00],
        [-5.3385e+00, -1.5098e+00, -4.2567e+00, -1.7684e+00, -1.1457e+00,
         -1.3356e+00, -4.7737e+00],
        [-5.3385e+00, -1.5098e+00, -4.2567e+00, -1.7684e+00, -1.1457e+00,
         -1.3356e+00, -4.7737e+00],
        [-3.8772e+00, -2.0617e+00, -8.5326e-01, -2.5985e+00, -1.5348e+00,
         -2.2626e+00, -3.4399e+00],
        [-3.7628e+00, -1.2528e+00, -1.9481e+00, -1.4575e+00, -3.0218e+00,
         -2.0531e+00, -1.9756e+00],
        [-5.7743e+00, -5.4819e+00, -1.0174e-01, -5.0937e+00, -3.1842e+00,
         -3.4347e+00, -4.6373e+00],
        [-3.2730e+00, -2.3577e+00, -2.5317e+00, -2.1205e+00, -2.1898e+00,
         -2.5433e+00, -7.3933e-01],
        [-3.7628e+00, -1.2528e+00, -1.9481e+00, -1.4575e+00, -3.0218e+00,
         -2.0531e+00, -1.9756e+00],
        [-3.7628e+00, -1.2528e+00, -1.9481e+00, -1.4575e+00, -3.0218e+00,
         -2.0531e+00, -1.9756e+00],
        [-3.7628e+00, -1.2528e+00, -1.9481e+00, -1.4575e+00, -3.0218e+00,
         -2.0531e+00, -1.9756e+00]], grad_fn=<LogSoftmaxBackward0>) 
Test set results:
Loss= 2.0305
Accuracy= 0.2917
