*************************************************************
*** Log data of trained GCN model for accuracy comparison ***
*************************************************************
>> Labels shape: 15
tensor([2, 4, 5, 5, 0, 0, 6, 2, 2, 6, 2, 3, 0, 1, 2])
>> Features shape: 15x15
tensor([[0., 0., 0., 0., 0., 0., 0., 0., 0., 0., 0., 0., 0., 0., 0.],
        [0., 0., 0., 0., 0., 0., 0., 0., 0., 0., 0., 0., 1., 0., 0.],
        [0., 0., 0., 0., 0., 0., 0., 0., 0., 0., 0., 0., 0., 0., 0.],
        [0., 0., 0., 0., 0., 0., 0., 0., 0., 0., 0., 0., 0., 0., 0.],
        [0., 0., 0., 0., 0., 0., 0., 0., 0., 0., 0., 0., 0., 0., 0.],
        [0., 0., 0., 0., 0., 0., 0., 0., 0., 0., 0., 0., 0., 0., 0.],
        [0., 0., 0., 0., 0., 0., 0., 0., 0., 0., 0., 0., 0., 0., 0.],
        [0., 0., 0., 1., 0., 0., 0., 0., 0., 0., 0., 0., 0., 0., 0.],
        [0., 0., 0., 0., 0., 0., 0., 0., 0., 0., 0., 0., 0., 0., 0.],
        [0., 0., 0., 0., 0., 0., 0., 0., 0., 0., 0., 0., 1., 0., 0.],
        [0., 0., 0., 0., 0., 0., 0., 0., 0., 0., 0., 0., 0., 0., 0.],
        [0., 0., 0., 0., 0., 0., 0., 0., 0., 0., 0., 0., 0., 0., 0.],
        [0., 0., 1., 0., 0., 0., 0., 0., 0., 0., 0., 0., 0., 0., 0.],
        [0., 0., 0., 0., 0., 0., 0., 0., 0., 0., 0., 0., 0., 0., 0.],
        [0., 0., 0., 0., 0., 0., 0., 0., 0., 0., 0., 0., 0., 0., 0.]]) 
>> Adjacency matrix shape: 15x15
tensor(indices=tensor([[ 0,  0,  0,  1,  2,  3,  4,  5,  6,  7,  8,  8,  8,  9,
                        10, 11, 12, 13, 14, 14, 14],
                       [ 0,  8, 14,  1,  2,  3,  4,  5,  6,  7,  0,  8, 14,  9,
                        10, 11, 12, 13,  0,  8, 14]]),
       values=tensor([0.3333, 0.3333, 0.3333, 1.0000, 1.0000, 1.0000, 1.0000,
                      1.0000, 1.0000, 1.0000, 0.3333, 0.3333, 0.3333, 1.0000,
                      1.0000, 1.0000, 1.0000, 1.0000, 0.3333, 0.3333, 0.3333]),
       size=(15, 15), nnz=21, layout=torch.sparse_coo) 
>> Output shape: 15x7
tensor([[ -1.3701,  -5.5912,  -1.1387,  -5.1594,  -4.2887,  -1.3597,  -1.9259],
        [ -4.8245,  -9.0996,  -5.4363,  -8.2671,  -0.9041,  -4.8118,  -0.5548],
        [ -1.3701,  -5.5912,  -1.1387,  -5.1594,  -4.2887,  -1.3597,  -1.9259],
        [ -1.3701,  -5.5912,  -1.1387,  -5.1594,  -4.2887,  -1.3597,  -1.9259],
        [ -1.3701,  -5.5912,  -1.1387,  -5.1594,  -4.2887,  -1.3597,  -1.9259],
        [ -1.3701,  -5.5912,  -1.1387,  -5.1594,  -4.2887,  -1.3597,  -1.9259],
        [ -1.3701,  -5.5912,  -1.1387,  -5.1594,  -4.2887,  -1.3597,  -1.9259],
        [ -3.3873, -11.8614,  -0.0766, -10.9677,  -9.2120,  -3.4121,  -4.9783],
        [ -1.3701,  -5.5912,  -1.1387,  -5.1594,  -4.2887,  -1.3597,  -1.9259],
        [ -4.8245,  -9.0996,  -5.4363,  -8.2671,  -0.9041,  -4.8118,  -0.5548],
        [ -1.3701,  -5.5912,  -1.1387,  -5.1594,  -4.2887,  -1.3597,  -1.9259],
        [ -1.3701,  -5.5912,  -1.1387,  -5.1594,  -4.2887,  -1.3597,  -1.9259],
        [ -1.3701,  -5.5912,  -1.1387,  -5.1594,  -4.2887,  -1.3597,  -1.9259],
        [ -1.3701,  -5.5912,  -1.1387,  -5.1594,  -4.2887,  -1.3597,  -1.9259],
        [ -1.3701,  -5.5912,  -1.1387,  -5.1594,  -4.2887,  -1.3597,  -1.9259]],
       grad_fn=<LogSoftmaxBackward0>) 
Test set results:
Loss= 2.7000
Accuracy= 0.3333
