*************************************************************
*** Log data of trained GCN model for accuracy comparison ***
*************************************************************
>> Labels shape: 30
tensor([0, 3, 1, 1, 2, 2, 6, 0, 0, 6, 0, 4, 2, 5, 0, 0, 1, 0, 0, 0, 6, 1, 4, 2,
        1, 6, 0, 2, 0, 3])
>> Features shape: 30x30
tensor([[0.0000, 0.0000, 0.0000, 0.0000, 0.0000, 0.0000, 0.0000, 0.0000, 0.0000,
         0.0000, 0.0000, 0.0000, 0.0000, 0.0000, 0.0000, 0.0000, 0.0000, 0.0000,
         0.0000, 0.0000, 0.0000, 0.0000, 0.0000, 0.0000, 0.0000, 0.0000, 0.0000,
         0.0000, 0.0000, 0.0000],
        [0.0000, 0.0000, 0.0000, 0.0000, 0.0000, 0.0000, 0.0000, 0.0000, 0.0000,
         0.0000, 0.0000, 0.0000, 1.0000, 0.0000, 0.0000, 0.0000, 0.0000, 0.0000,
         0.0000, 0.0000, 0.0000, 0.0000, 0.0000, 0.0000, 0.0000, 0.0000, 0.0000,
         0.0000, 0.0000, 0.0000],
        [0.0000, 0.0000, 0.0000, 0.0000, 0.0000, 0.0000, 0.0000, 0.0000, 0.0000,
         0.0000, 0.0000, 0.0000, 0.0000, 0.0000, 0.0000, 0.0000, 0.0000, 0.0000,
         0.0000, 0.0000, 0.0000, 0.0000, 0.0000, 0.0000, 0.0000, 0.0000, 0.0000,
         0.0000, 0.0000, 0.0000],
        [0.0000, 0.0000, 0.0000, 0.0000, 0.0000, 0.0000, 0.0000, 0.0000, 0.0000,
         0.0000, 0.0000, 0.0000, 0.0000, 0.0000, 0.0000, 0.0000, 0.0000, 0.0000,
         0.0000, 0.0000, 0.0000, 0.0000, 0.0000, 0.0000, 0.0000, 0.0000, 0.0000,
         0.0000, 0.0000, 0.0000],
        [0.0000, 0.0000, 0.0000, 0.0000, 0.0000, 0.0000, 0.0000, 0.0000, 0.0000,
         0.0000, 0.0000, 0.0000, 0.0000, 0.0000, 0.0000, 0.0000, 0.0000, 0.0000,
         0.0000, 0.0000, 0.0000, 0.0000, 0.0000, 0.0000, 0.0000, 0.0000, 0.0000,
         0.0000, 0.0000, 0.0000],
        [0.0000, 0.0000, 0.0000, 0.0000, 0.0000, 0.0000, 0.0000, 0.0000, 0.0000,
         0.0000, 0.0000, 0.0000, 0.0000, 0.0000, 0.0000, 0.0000, 0.0000, 0.0000,
         0.0000, 0.0000, 0.0000, 0.0000, 0.0000, 0.0000, 0.0000, 0.0000, 0.0000,
         0.0000, 0.0000, 0.0000],
        [0.0000, 0.0000, 0.0000, 0.0000, 0.0000, 0.0000, 0.0000, 0.0000, 0.0000,
         0.0000, 0.0000, 0.0000, 0.0000, 0.0000, 0.0000, 0.0000, 0.0000, 0.0000,
         0.0000, 0.0000, 0.0000, 0.0000, 0.0000, 0.0000, 0.0000, 0.0000, 0.0000,
         0.0000, 0.0000, 0.0000],
        [0.0000, 0.0000, 0.0000, 1.0000, 0.0000, 0.0000, 0.0000, 0.0000, 0.0000,
         0.0000, 0.0000, 0.0000, 0.0000, 0.0000, 0.0000, 0.0000, 0.0000, 0.0000,
         0.0000, 0.0000, 0.0000, 0.0000, 0.0000, 0.0000, 0.0000, 0.0000, 0.0000,
         0.0000, 0.0000, 0.0000],
        [0.0000, 0.0000, 0.0000, 0.0000, 0.0000, 0.0000, 0.0000, 0.0000, 0.0000,
         0.0000, 0.0000, 0.0000, 0.0000, 0.0000, 0.0000, 0.0000, 0.0000, 0.0000,
         0.0000, 0.0000, 0.0000, 0.0000, 0.0000, 0.0000, 0.0000, 0.0000, 0.0000,
         0.0000, 0.0000, 0.0000],
        [0.0000, 0.0000, 0.0000, 0.0000, 0.0000, 0.0000, 0.0000, 0.0000, 0.0000,
         0.0000, 0.0000, 0.0000, 0.5000, 0.0000, 0.0000, 0.0000, 0.0000, 0.0000,
         0.0000, 0.0000, 0.0000, 0.5000, 0.0000, 0.0000, 0.0000, 0.0000, 0.0000,
         0.0000, 0.0000, 0.0000],
        [0.0000, 0.0000, 0.0000, 0.0000, 0.0000, 0.0000, 0.0000, 0.0000, 0.0000,
         0.0000, 0.0000, 0.0000, 0.0000, 0.0000, 0.0000, 0.0000, 0.0000, 0.0000,
         0.0000, 0.0000, 0.0000, 0.0000, 0.0000, 0.0000, 0.0000, 0.0000, 0.0000,
         0.0000, 0.0000, 0.0000],
        [0.0000, 0.0000, 0.0000, 0.0000, 0.0000, 0.0000, 0.0000, 0.0000, 0.0000,
         0.0000, 0.0000, 0.0000, 0.0000, 0.0000, 0.0000, 0.0000, 0.0000, 0.0000,
         0.0000, 0.0000, 0.0000, 0.0000, 0.0000, 0.0000, 0.0000, 0.0000, 0.0000,
         0.0000, 0.0000, 0.0000],
        [0.0000, 0.0000, 1.0000, 0.0000, 0.0000, 0.0000, 0.0000, 0.0000, 0.0000,
         0.0000, 0.0000, 0.0000, 0.0000, 0.0000, 0.0000, 0.0000, 0.0000, 0.0000,
         0.0000, 0.0000, 0.0000, 0.0000, 0.0000, 0.0000, 0.0000, 0.0000, 0.0000,
         0.0000, 0.0000, 0.0000],
        [0.0000, 0.0000, 0.0000, 0.0000, 0.0000, 0.0000, 0.0000, 0.0000, 0.0000,
         0.0000, 0.0000, 0.0000, 0.0000, 0.0000, 0.0000, 0.0000, 0.0000, 0.0000,
         0.0000, 0.0000, 0.0000, 0.0000, 0.0000, 0.0000, 0.0000, 1.0000, 0.0000,
         0.0000, 0.0000, 0.0000],
        [0.0000, 0.0000, 0.0000, 0.0000, 0.0000, 0.0000, 0.0000, 0.0000, 0.0000,
         0.0000, 0.0000, 0.0000, 0.0000, 0.0000, 0.0000, 0.0000, 0.0000, 0.0000,
         0.0000, 0.0000, 0.0000, 0.0000, 0.0000, 0.0000, 0.0000, 0.0000, 0.0000,
         0.0000, 0.0000, 0.0000],
        [0.0000, 0.0000, 0.0000, 0.0000, 0.0000, 0.0000, 0.0000, 0.0000, 0.0000,
         0.0000, 0.0000, 0.0000, 0.0000, 0.0000, 0.0000, 0.0000, 0.0000, 0.0000,
         0.0000, 1.0000, 0.0000, 0.0000, 0.0000, 0.0000, 0.0000, 0.0000, 0.0000,
         0.0000, 0.0000, 0.0000],
        [0.0000, 0.0000, 0.0000, 0.0000, 0.0000, 0.0000, 0.0000, 0.0000, 0.0000,
         0.0000, 0.0000, 0.0000, 0.0000, 0.0000, 0.0000, 0.0000, 0.0000, 0.0000,
         0.0000, 0.0000, 0.0000, 0.0000, 0.0000, 0.0000, 0.0000, 0.0000, 0.0000,
         0.0000, 0.0000, 0.0000],
        [0.0000, 0.0000, 0.0000, 0.0000, 0.0000, 0.0000, 0.0000, 0.0000, 0.0000,
         0.0000, 0.0000, 0.0000, 0.0000, 0.0000, 0.0000, 0.0000, 0.0000, 0.0000,
         0.0000, 1.0000, 0.0000, 0.0000, 0.0000, 0.0000, 0.0000, 0.0000, 0.0000,
         0.0000, 0.0000, 0.0000],
        [0.0000, 0.0000, 0.0000, 0.0000, 0.0000, 0.0000, 0.0000, 0.0000, 0.0000,
         0.0000, 0.0000, 0.0000, 0.0000, 0.0000, 0.0000, 0.0000, 0.0000, 0.0000,
         0.0000, 0.0000, 0.0000, 0.0000, 0.0000, 0.0000, 0.0000, 0.0000, 0.0000,
         0.0000, 0.0000, 0.0000],
        [0.0000, 0.0000, 0.0000, 0.0000, 0.0000, 0.0000, 0.0000, 0.0000, 0.0000,
         0.0000, 0.0000, 0.0000, 0.0000, 0.0000, 0.0000, 0.0000, 0.0000, 0.0000,
         0.0000, 0.0000, 0.0000, 0.0000, 0.0000, 0.0000, 0.0000, 0.0000, 0.0000,
         0.0000, 0.0000, 0.0000],
        [0.0000, 0.0000, 0.0000, 0.0000, 0.0000, 0.0000, 0.0000, 0.0000, 0.0000,
         0.0000, 0.0000, 0.0000, 0.0000, 0.0000, 0.0000, 0.0000, 0.0000, 0.0000,
         0.0000, 0.0000, 0.0000, 0.0000, 0.0000, 0.0000, 0.0000, 0.0000, 0.0000,
         0.0000, 0.0000, 0.0000],
        [0.0000, 0.0000, 0.0000, 0.0000, 0.0000, 0.0000, 0.0000, 0.0000, 0.0000,
         0.0000, 0.0000, 0.0000, 0.0000, 0.0000, 0.0000, 0.0000, 0.0000, 0.0000,
         0.0000, 1.0000, 0.0000, 0.0000, 0.0000, 0.0000, 0.0000, 0.0000, 0.0000,
         0.0000, 0.0000, 0.0000],
        [0.0000, 0.0000, 0.0000, 0.0000, 0.0000, 0.0000, 0.0000, 0.0000, 0.0000,
         0.0000, 0.0000, 0.0000, 0.0000, 0.0000, 0.0000, 0.0000, 0.0000, 0.0000,
         0.0000, 1.0000, 0.0000, 0.0000, 0.0000, 0.0000, 0.0000, 0.0000, 0.0000,
         0.0000, 0.0000, 0.0000],
        [0.0000, 0.0000, 0.0000, 0.0000, 0.0000, 0.0000, 0.0000, 0.0000, 0.0000,
         0.0000, 0.0000, 0.0000, 0.0000, 0.0000, 0.0000, 0.0000, 0.0000, 0.0000,
         0.0000, 0.0000, 0.0000, 0.0000, 0.0000, 0.0000, 0.0000, 0.0000, 0.0000,
         0.0000, 0.0000, 0.0000],
        [0.0000, 0.0000, 0.0000, 1.0000, 0.0000, 0.0000, 0.0000, 0.0000, 0.0000,
         0.0000, 0.0000, 0.0000, 0.0000, 0.0000, 0.0000, 0.0000, 0.0000, 0.0000,
         0.0000, 0.0000, 0.0000, 0.0000, 0.0000, 0.0000, 0.0000, 0.0000, 0.0000,
         0.0000, 0.0000, 0.0000],
        [0.0000, 0.0000, 0.0000, 0.0000, 0.0000, 0.0000, 0.0000, 0.0000, 0.0000,
         0.0000, 0.0000, 0.0000, 0.0000, 0.0000, 0.0000, 0.0000, 0.0000, 0.0000,
         0.0000, 0.0000, 0.0000, 0.0000, 0.0000, 0.0000, 0.0000, 0.0000, 0.0000,
         0.0000, 0.0000, 0.0000],
        [0.0000, 0.0000, 0.0000, 0.0000, 0.0000, 0.0000, 0.0000, 0.0000, 0.0000,
         0.0000, 0.0000, 0.0000, 0.0000, 0.0000, 0.0000, 0.0000, 0.0000, 0.0000,
         0.0000, 1.0000, 0.0000, 0.0000, 0.0000, 0.0000, 0.0000, 0.0000, 0.0000,
         0.0000, 0.0000, 0.0000],
        [0.0000, 0.0000, 0.0000, 0.0000, 0.0000, 0.0000, 0.0000, 0.0000, 0.0000,
         0.0000, 0.0000, 0.0000, 0.0000, 0.0000, 0.0000, 0.0000, 0.0000, 0.0000,
         0.0000, 0.0000, 0.0000, 0.0000, 0.0000, 0.0000, 0.0000, 0.0000, 0.0000,
         0.0000, 0.0000, 0.0000],
        [0.0000, 0.0000, 0.0000, 0.0000, 0.0000, 0.0000, 0.0000, 0.0000, 0.0000,
         0.0000, 0.0000, 0.0000, 0.0000, 0.0000, 0.0000, 0.0000, 0.0000, 0.0000,
         0.0000, 1.0000, 0.0000, 0.0000, 0.0000, 0.0000, 0.0000, 0.0000, 0.0000,
         0.0000, 0.0000, 0.0000],
        [0.0000, 0.0000, 0.0000, 0.0000, 0.0000, 0.0000, 0.0000, 0.0000, 0.0000,
         0.0000, 0.0000, 0.0000, 0.0000, 0.0000, 0.0000, 0.0000, 0.0000, 0.0000,
         0.0000, 0.0000, 0.0000, 0.0000, 0.0000, 0.0000, 0.0000, 0.0000, 0.0000,
         0.0000, 0.0000, 0.0000]]) 
>> Adjacency matrix shape: 30x30
tensor(indices=tensor([[ 0,  0,  0,  1,  2,  3,  4,  5,  6,  7,  8,  8,  8,  9,
                        10, 11, 12, 13, 14, 14, 14, 15, 16, 17, 18, 19, 20, 20,
                        21, 22, 23, 24, 25, 25, 26, 27, 28, 29],
                       [ 0,  8, 14,  1,  2,  3,  4,  5,  6,  7,  0,  8, 14,  9,
                        10, 11, 12, 13,  0,  8, 14, 15, 16, 17, 18, 19, 20, 25,
                        21, 22, 23, 24, 20, 25, 26, 27, 28, 29]]),
       values=tensor([0.3333, 0.3333, 0.3333, 1.0000, 1.0000, 1.0000, 1.0000,
                      1.0000, 1.0000, 1.0000, 0.3333, 0.3333, 0.3333, 1.0000,
                      1.0000, 1.0000, 1.0000, 1.0000, 0.3333, 0.3333, 0.3333,
                      1.0000, 1.0000, 1.0000, 1.0000, 1.0000, 0.5000, 0.5000,
                      1.0000, 1.0000, 1.0000, 1.0000, 0.5000, 0.5000, 1.0000,
                      1.0000, 1.0000, 1.0000]),
       size=(30, 30), nnz=38, layout=torch.sparse_coo) 
>> Output shape: 30x7
tensor([[-6.8952e-01, -1.5599e+00, -2.0169e+00, -6.0562e+00, -2.6715e+00,
         -5.5200e+00, -2.5323e+00],
        [-5.3564e+00, -6.1534e+00, -5.4463e+00, -6.3725e-02, -6.6677e+00,
         -7.5327e+00, -3.0206e+00],
        [-6.8952e-01, -1.5599e+00, -2.0169e+00, -6.0561e+00, -2.6715e+00,
         -5.5200e+00, -2.5323e+00],
        [-6.8952e-01, -1.5599e+00, -2.0169e+00, -6.0561e+00, -2.6715e+00,
         -5.5200e+00, -2.5323e+00],
        [-6.8952e-01, -1.5599e+00, -2.0169e+00, -6.0561e+00, -2.6715e+00,
         -5.5200e+00, -2.5323e+00],
        [-6.8952e-01, -1.5599e+00, -2.0169e+00, -6.0561e+00, -2.6715e+00,
         -5.5200e+00, -2.5323e+00],
        [-6.8952e-01, -1.5599e+00, -2.0169e+00, -6.0561e+00, -2.6715e+00,
         -5.5200e+00, -2.5323e+00],
        [-2.6000e-02, -4.0843e+00, -5.5872e+00, -1.1290e+01, -5.5680e+00,
         -1.2099e+01, -6.6860e+00],
        [-6.8952e-01, -1.5599e+00, -2.0169e+00, -6.0562e+00, -2.6715e+00,
         -5.5200e+00, -2.5323e+00],
        [-3.2342e+00, -3.9397e+00, -3.7121e+00, -3.6112e+00, -4.8326e+00,
         -8.1552e+00, -1.2618e-01],
        [-6.8952e-01, -1.5599e+00, -2.0169e+00, -6.0561e+00, -2.6715e+00,
         -5.5200e+00, -2.5323e+00],
        [-6.8952e-01, -1.5599e+00, -2.0169e+00, -6.0561e+00, -2.6715e+00,
         -5.5200e+00, -2.5323e+00],
        [-4.8194e+00, -4.7414e+00, -3.6599e-02, -8.7010e+00, -5.4719e+00,
         -9.4578e+00, -4.2204e+00],
        [-3.5895e+00, -4.9971e+00, -3.1869e+00, -4.3155e+00, -4.9292e+00,
         -1.0405e-01, -5.9679e+00],
        [-6.8952e-01, -1.5599e+00, -2.0169e+00, -6.0562e+00, -2.6715e+00,
         -5.5200e+00, -2.5323e+00],
        [-1.2373e-02, -4.7915e+00, -6.3389e+00, -1.2443e+01, -6.2729e+00,
         -1.3523e+01, -7.9915e+00],
        [-6.8952e-01, -1.5599e+00, -2.0169e+00, -6.0561e+00, -2.6715e+00,
         -5.5200e+00, -2.5323e+00],
        [-1.2373e-02, -4.7915e+00, -6.3389e+00, -1.2443e+01, -6.2729e+00,
         -1.3523e+01, -7.9915e+00],
        [-6.8952e-01, -1.5599e+00, -2.0169e+00, -6.0561e+00, -2.6715e+00,
         -5.5200e+00, -2.5323e+00],
        [-6.8952e-01, -1.5599e+00, -2.0169e+00, -6.0561e+00, -2.6715e+00,
         -5.5200e+00, -2.5323e+00],
        [-6.8952e-01, -1.5599e+00, -2.0169e+00, -6.0561e+00, -2.6715e+00,
         -5.5200e+00, -2.5323e+00],
        [-1.2373e-02, -4.7915e+00, -6.3389e+00, -1.2443e+01, -6.2729e+00,
         -1.3523e+01, -7.9915e+00],
        [-1.2373e-02, -4.7915e+00, -6.3389e+00, -1.2443e+01, -6.2729e+00,
         -1.3523e+01, -7.9915e+00],
        [-6.8952e-01, -1.5599e+00, -2.0169e+00, -6.0561e+00, -2.6715e+00,
         -5.5200e+00, -2.5323e+00],
        [-2.6000e-02, -4.0843e+00, -5.5872e+00, -1.1290e+01, -5.5680e+00,
         -1.2099e+01, -6.6860e+00],
        [-6.8952e-01, -1.5599e+00, -2.0169e+00, -6.0561e+00, -2.6715e+00,
         -5.5200e+00, -2.5323e+00],
        [-1.2373e-02, -4.7915e+00, -6.3389e+00, -1.2443e+01, -6.2729e+00,
         -1.3523e+01, -7.9915e+00],
        [-6.8952e-01, -1.5599e+00, -2.0169e+00, -6.0561e+00, -2.6715e+00,
         -5.5200e+00, -2.5323e+00],
        [-1.2373e-02, -4.7915e+00, -6.3389e+00, -1.2443e+01, -6.2729e+00,
         -1.3523e+01, -7.9915e+00],
        [-6.8952e-01, -1.5599e+00, -2.0169e+00, -6.0561e+00, -2.6715e+00,
         -5.5200e+00, -2.5323e+00]], grad_fn=<LogSoftmaxBackward0>) 
Test set results:
Loss= 2.4524
Accuracy= 0.3333
