Labels dimension: 15
2 4 5 5 0 0 6 2 2 6 2 3 0 1 2 
Features dimension: 15x15
0.000000 0.000000 0.000000 0.000000 0.000000 0.000000 0.000000 0.000000 0.000000 0.000000 0.000000 0.000000 0.000000 0.000000 0.000000 
0.000000 0.000000 0.000000 0.000000 0.000000 0.000000 0.000000 0.000000 0.000000 0.000000 0.000000 0.000000 1.000000 0.000000 0.000000 
0.000000 0.000000 0.000000 0.000000 0.000000 0.000000 0.000000 0.000000 0.000000 0.000000 0.000000 0.000000 0.000000 0.000000 0.000000 
0.000000 0.000000 0.000000 0.000000 0.000000 0.000000 0.000000 0.000000 0.000000 0.000000 0.000000 0.000000 0.000000 0.000000 0.000000 
0.000000 0.000000 0.000000 0.000000 0.000000 0.000000 0.000000 0.000000 0.000000 0.000000 0.000000 0.000000 0.000000 0.000000 0.000000 
0.000000 0.000000 0.000000 0.000000 0.000000 0.000000 0.000000 0.000000 0.000000 0.000000 0.000000 0.000000 0.000000 0.000000 0.000000 
0.000000 0.000000 0.000000 0.000000 0.000000 0.000000 0.000000 0.000000 0.000000 0.000000 0.000000 0.000000 0.000000 0.000000 0.000000 
0.000000 0.000000 0.000000 1.000000 0.000000 0.000000 0.000000 0.000000 0.000000 0.000000 0.000000 0.000000 0.000000 0.000000 0.000000 
0.000000 0.000000 0.000000 0.000000 0.000000 0.000000 0.000000 0.000000 0.000000 0.000000 0.000000 0.000000 0.000000 0.000000 0.000000 
0.000000 0.000000 0.000000 0.000000 0.000000 0.000000 0.000000 0.000000 0.000000 0.000000 0.000000 0.000000 1.000000 0.000000 0.000000 
0.000000 0.000000 0.000000 0.000000 0.000000 0.000000 0.000000 0.000000 0.000000 0.000000 0.000000 0.000000 0.000000 0.000000 0.000000 
0.000000 0.000000 0.000000 0.000000 0.000000 0.000000 0.000000 0.000000 0.000000 0.000000 0.000000 0.000000 0.000000 0.000000 0.000000 
0.000000 0.000000 1.000000 0.000000 0.000000 0.000000 0.000000 0.000000 0.000000 0.000000 0.000000 0.000000 0.000000 0.000000 0.000000 
0.000000 0.000000 0.000000 0.000000 0.000000 0.000000 0.000000 0.000000 0.000000 0.000000 0.000000 0.000000 0.000000 0.000000 0.000000 
0.000000 0.000000 0.000000 0.000000 0.000000 0.000000 0.000000 0.000000 0.000000 0.000000 0.000000 0.000000 0.000000 0.000000 0.000000 
Adjacency matrix dimension: 15x15
0.333333 0.000000 0.000000 0.000000 0.000000 0.000000 0.000000 0.000000 0.333333 0.000000 0.000000 0.000000 0.000000 0.000000 0.333333 
0.000000 1.000000 0.000000 0.000000 0.000000 0.000000 0.000000 0.000000 0.000000 0.000000 0.000000 0.000000 0.000000 0.000000 0.000000 
0.000000 0.000000 1.000000 0.000000 0.000000 0.000000 0.000000 0.000000 0.000000 0.000000 0.000000 0.000000 0.000000 0.000000 0.000000 
0.000000 0.000000 0.000000 1.000000 0.000000 0.000000 0.000000 0.000000 0.000000 0.000000 0.000000 0.000000 0.000000 0.000000 0.000000 
0.000000 0.000000 0.000000 0.000000 1.000000 0.000000 0.000000 0.000000 0.000000 0.000000 0.000000 0.000000 0.000000 0.000000 0.000000 
0.000000 0.000000 0.000000 0.000000 0.000000 1.000000 0.000000 0.000000 0.000000 0.000000 0.000000 0.000000 0.000000 0.000000 0.000000 
0.000000 0.000000 0.000000 0.000000 0.000000 0.000000 1.000000 0.000000 0.000000 0.000000 0.000000 0.000000 0.000000 0.000000 0.000000 
0.000000 0.000000 0.000000 0.000000 0.000000 0.000000 0.000000 1.000000 0.000000 0.000000 0.000000 0.000000 0.000000 0.000000 0.000000 
0.333333 0.000000 0.000000 0.000000 0.000000 0.000000 0.000000 0.000000 0.333333 0.000000 0.000000 0.000000 0.000000 0.000000 0.333333 
0.000000 0.000000 0.000000 0.000000 0.000000 0.000000 0.000000 0.000000 0.000000 1.000000 0.000000 0.000000 0.000000 0.000000 0.000000 
0.000000 0.000000 0.000000 0.000000 0.000000 0.000000 0.000000 0.000000 0.000000 0.000000 1.000000 0.000000 0.000000 0.000000 0.000000 
0.000000 0.000000 0.000000 0.000000 0.000000 0.000000 0.000000 0.000000 0.000000 0.000000 0.000000 1.000000 0.000000 0.000000 0.000000 
0.000000 0.000000 0.000000 0.000000 0.000000 0.000000 0.000000 0.000000 0.000000 0.000000 0.000000 0.000000 1.000000 0.000000 0.000000 
0.000000 0.000000 0.000000 0.000000 0.000000 0.000000 0.000000 0.000000 0.000000 0.000000 0.000000 0.000000 0.000000 1.000000 0.000000 
0.333333 0.000000 0.000000 0.000000 0.000000 0.000000 0.000000 0.000000 0.333333 0.000000 0.000000 0.000000 0.000000 0.000000 0.333333 
Expected output dimension: 15x7
-1.370095 -5.591212 -1.138727 -5.159438 -4.288724 -1.359669 -1.925881 
-4.824456 -9.099580 -5.436344 -8.267116 -0.904091 -4.811810 -0.554773 
-1.370095 -5.591212 -1.138727 -5.159438 -4.288724 -1.359669 -1.925881 
-1.370095 -5.591212 -1.138727 -5.159438 -4.288724 -1.359669 -1.925881 
-1.370095 -5.591212 -1.138727 -5.159438 -4.288724 -1.359669 -1.925881 
-1.370095 -5.591212 -1.138727 -5.159438 -4.288724 -1.359669 -1.925881 
-1.370095 -5.591212 -1.138727 -5.159438 -4.288724 -1.359669 -1.925881 
-3.387290 -11.861393 -0.076645 -10.967724 -9.211999 -3.412121 -4.978261 
-1.370095 -5.591212 -1.138727 -5.159438 -4.288724 -1.359669 -1.925881 
-4.824456 -9.099580 -5.436344 -8.267116 -0.904091 -4.811810 -0.554773 
-1.370095 -5.591212 -1.138727 -5.159438 -4.288724 -1.359669 -1.925881 
-1.370095 -5.591212 -1.138727 -5.159438 -4.288724 -1.359669 -1.925881 
-1.370095 -5.591224 -1.138726 -5.159448 -4.288727 -1.359671 -1.925880 
-1.370095 -5.591212 -1.138727 -5.159438 -4.288724 -1.359669 -1.925881 
-1.370095 -5.591212 -1.138727 -5.159438 -4.288724 -1.359669 -1.925881
*****************
Computed output dimension: 15x7
-1.370095 -5.591212 -1.138727 -5.159438 -4.288724 -1.359669 -1.925881 
-4.824456 -9.099580 -5.436344 -8.267116 -0.904091 -4.811810 -0.554773 
-1.370095 -5.591212 -1.138727 -5.159438 -4.288724 -1.359669 -1.925881 
-1.370095 -5.591212 -1.138727 -5.159438 -4.288724 -1.359669 -1.925881 
-1.370095 -5.591212 -1.138727 -5.159438 -4.288724 -1.359669 -1.925881 
-1.370095 -5.591212 -1.138727 -5.159438 -4.288724 -1.359669 -1.925881 
-1.370095 -5.591212 -1.138727 -5.159438 -4.288724 -1.359669 -1.925881 
-3.387290 -11.861393 -0.076645 -10.967724 -9.212000 -3.412121 -4.978261 
-1.370095 -5.591212 -1.138727 -5.159438 -4.288724 -1.359669 -1.925881 
-4.824456 -9.099580 -5.436344 -8.267116 -0.904091 -4.811810 -0.554773 
-1.370095 -5.591212 -1.138727 -5.159438 -4.288724 -1.359669 -1.925881 
-1.370095 -5.591212 -1.138727 -5.159438 -4.288724 -1.359669 -1.925881 
-1.370095 -5.591224 -1.138726 -5.159448 -4.288727 -1.359671 -1.925880 
-1.370095 -5.591212 -1.138727 -5.159438 -4.288724 -1.359669 -1.925881 
-1.370095 -5.591212 -1.138727 -5.159438 -4.288724 -1.359669 -1.925881 
Model accuracy: 0.333333
Floating total error: 0.0000013113
Floating values with error: 5
Floating average error: 0.0000002623
