\BOOKMARK [0][-]{chapter*.2}{Abstract}{}% 1
\BOOKMARK [0][-]{chapter*.4}{Abstract in Lingua Italiana}{}% 2
\BOOKMARK [0][-]{chapter*.6}{Contents}{}% 3
\BOOKMARK [0][-]{chapter.1}{Introduction}{}% 4
\BOOKMARK [1][-]{section.1.1}{Contributions}{chapter.1}% 5
\BOOKMARK [1][-]{section.1.2}{Thesis structure}{chapter.1}% 6
\BOOKMARK [0][-]{chapter.2}{Background}{}% 7
\BOOKMARK [1][-]{section.2.1}{Graphs}{chapter.2}% 8
\BOOKMARK [1][-]{section.2.2}{Graph Neural Networks}{chapter.2}% 9
\BOOKMARK [2][-]{subsection.2.2.1}{Graph Convolutional Network}{section.2.2}% 10
\BOOKMARK [2][-]{subsection.2.2.2}{Graph Isomorphism Network}{section.2.2}% 11
\BOOKMARK [1][-]{section.2.3}{SODA Toolchain}{chapter.2}% 12
\BOOKMARK [0][-]{chapter.3}{Related Work}{}% 13
\BOOKMARK [0][-]{chapter.4}{Problem Formulation}{}% 14
\BOOKMARK [0][-]{chapter.5}{FPGA Toolchain for Graph Neural Network Acceleration}{}% 15
\BOOKMARK [0][-]{chapter.6}{Experimental Results}{}% 16
\BOOKMARK [0][-]{chapter.7}{Conclusions and Future Developments}{}% 17
\BOOKMARK [0][-]{chapter*.18}{Bibliography}{}% 18
\BOOKMARK [0][-]{appendix*.20}{List of Figures}{}% 19
\BOOKMARK [0][-]{appendix*.22}{List of Tables}{}% 20
\BOOKMARK [0][-]{appendix*.24}{List of Symbols}{}% 21
\BOOKMARK [0][-]{appendix*.27}{Acknowledgements}{}% 22
